

Started GET "/" for 127.0.0.1 at 2012-07-25 14:51:58 -0400
Processing by HomeController#index as HTML
  Rendered home/index.html.erb within layouts/application (4.2ms)
Compiled bootstrap_and_overrides.css  (705ms)  (pid 30869)
Compiled chosen/chosen.css  (0ms)  (pid 30869)
Compiled inbox.css  (21ms)  (pid 30869)
Compiled main.css  (4ms)  (pid 30869)
Compiled jquery.ui.core.css  (2ms)  (pid 30869)
Compiled jquery.ui.theme.css  (9ms)  (pid 30869)
Compiled jquery.ui.accordion.css  (24ms)  (pid 30869)
Compiled jquery.ui.autocomplete.css  (5ms)  (pid 30869)
Compiled jquery.ui.button.css  (6ms)  (pid 30869)
Compiled jquery.ui.datepicker.css  (44ms)  (pid 30869)
Compiled jquery.ui.dialog.css  (6ms)  (pid 30869)
Compiled jquery.ui.progressbar.css  (5ms)  (pid 30869)
Compiled jquery.ui.resizable.css  (5ms)  (pid 30869)
Compiled jquery.ui.selectable.css  (5ms)  (pid 30869)
Compiled jquery.ui.slider.css  (6ms)  (pid 30869)
Compiled jquery.ui.tabs.css  (7ms)  (pid 30869)
Compiled jquery.ui.base.css  (305ms)  (pid 30869)
Compiled jquery.ui.all.css  (322ms)  (pid 30869)
Compiled application.css  (1136ms)  (pid 30869)
Compiled jquery.js  (2ms)  (pid 30869)
Compiled jquery_ujs.js  (0ms)  (pid 30869)
Compiled jquery.effects.core.js  (0ms)  (pid 30869)
Compiled jquery.effects.blind.js  (7ms)  (pid 30869)
Compiled jquery.effects.bounce.js  (2ms)  (pid 30869)
Compiled jquery.effects.clip.js  (2ms)  (pid 30869)
Compiled jquery.effects.drop.js  (2ms)  (pid 30869)
Compiled jquery.effects.explode.js  (1ms)  (pid 30869)
Compiled jquery.effects.fade.js  (2ms)  (pid 30869)
Compiled jquery.effects.fold.js  (2ms)  (pid 30869)
Compiled jquery.effects.highlight.js  (2ms)  (pid 30869)
Compiled jquery.effects.pulsate.js  (1ms)  (pid 30869)
Compiled jquery.effects.scale.js  (2ms)  (pid 30869)
Compiled jquery.effects.shake.js  (1ms)  (pid 30869)
Compiled jquery.effects.slide.js  (2ms)  (pid 30869)
Compiled jquery.effects.transfer.js  (1ms)  (pid 30869)
Compiled jquery.ui.core.js  (2ms)  (pid 30869)
Compiled jquery.ui.widget.js  (0ms)  (pid 30869)
Compiled jquery.ui.accordion.js  (25ms)  (pid 30869)
Compiled jquery.ui.position.js  (0ms)  (pid 30869)
Compiled jquery.ui.autocomplete.js  (14ms)  (pid 30869)
Compiled jquery.ui.button.js  (2ms)  (pid 30869)
Compiled jquery.ui.datepicker.js  (3ms)  (pid 30869)
Compiled jquery.ui.dialog.js  (6ms)  (pid 30869)
Compiled jquery.ui.mouse.js  (3ms)  (pid 30869)
Compiled jquery.ui.draggable.js  (16ms)  (pid 30869)
Compiled jquery.ui.droppable.js  (4ms)  (pid 30869)
Compiled jquery.ui.progressbar.js  (5ms)  (pid 30869)
Compiled jquery.ui.resizable.js  (7ms)  (pid 30869)
Compiled jquery.ui.selectable.js  (6ms)  (pid 30869)
Compiled jquery.ui.slider.js  (5ms)  (pid 30869)
Compiled jquery.ui.sortable.js  (3ms)  (pid 30869)
Compiled jquery.ui.tabs.js  (4ms)  (pid 30869)
Compiled jquery.ui.all.js  (646ms)  (pid 30869)
Compiled twitter/bootstrap/bootstrap-transition.js  (0ms)  (pid 30869)
Compiled twitter/bootstrap/bootstrap-alert.js  (0ms)  (pid 30869)
Compiled twitter/bootstrap/bootstrap-modal.js  (0ms)  (pid 30869)
Compiled twitter/bootstrap/bootstrap-dropdown.js  (0ms)  (pid 30869)
Compiled twitter/bootstrap/bootstrap-scrollspy.js  (0ms)  (pid 30869)
Compiled twitter/bootstrap/bootstrap-tab.js  (0ms)  (pid 30869)
Compiled twitter/bootstrap/bootstrap-tooltip.js  (0ms)  (pid 30869)
Compiled twitter/bootstrap/bootstrap-popover.js  (0ms)  (pid 30869)
Compiled twitter/bootstrap/bootstrap-button.js  (0ms)  (pid 30869)
Compiled twitter/bootstrap/bootstrap-collapse.js  (0ms)  (pid 30869)
Compiled twitter/bootstrap/bootstrap-carousel.js  (0ms)  (pid 30869)
Compiled twitter/bootstrap/bootstrap-typeahead.js  (0ms)  (pid 30869)
Compiled twitter/bootstrap.js  (201ms)  (pid 30869)
Compiled jquery.purr.js  (0ms)  (pid 30869)
Compiled best_in_place.js  (0ms)  (pid 30869)
Compiled bootstrap.js  (56ms)  (pid 30869)
Compiled chosen/chosen.jquery.min.js  (0ms)  (pid 30869)
Compiled jquery.textareaCounter.plugin.js  (0ms)  (pid 30869)
Compiled main.js  (0ms)  (pid 30869)
Compiled application.js  (1042ms)  (pid 30869)
Completed 200 OK in 2343ms (Views: 2342.5ms | ActiveRecord: 0.0ms)


Started GET "/assets/application.css?body=1" for 127.0.0.1 at 2012-07-25 14:52:01 -0400
Served asset /application.css - 200 OK (30ms)


Started GET "/assets/chosen/chosen.css?body=1" for 127.0.0.1 at 2012-07-25 14:52:01 -0400
Served asset /chosen/chosen.css - 200 OK (1ms)


Started GET "/assets/bootstrap_and_overrides.css?body=1" for 127.0.0.1 at 2012-07-25 14:52:01 -0400
Served asset /bootstrap_and_overrides.css - 200 OK (2ms)


Started GET "/assets/jquery.ui.core.css?body=1" for 127.0.0.1 at 2012-07-25 14:52:01 -0400
Served asset /jquery.ui.core.css - 200 OK (2ms)


Started GET "/assets/inbox.css?body=1" for 127.0.0.1 at 2012-07-25 14:52:01 -0400
Served asset /inbox.css - 200 OK (1ms)


Started GET "/assets/main.css?body=1" for 127.0.0.1 at 2012-07-25 14:52:01 -0400
Served asset /main.css - 200 OK (2ms)


Started GET "/assets/jquery.ui.theme.css?body=1" for 127.0.0.1 at 2012-07-25 14:52:01 -0400
Served asset /jquery.ui.theme.css - 200 OK (3ms)


Started GET "/assets/jquery.ui.accordion.css?body=1" for 127.0.0.1 at 2012-07-25 14:52:01 -0400
Served asset /jquery.ui.accordion.css - 200 OK (6ms)


Started GET "/assets/jquery.ui.autocomplete.css?body=1" for 127.0.0.1 at 2012-07-25 14:52:01 -0400
Served asset /jquery.ui.autocomplete.css - 200 OK (8ms)


Started GET "/assets/jquery.ui.datepicker.css?body=1" for 127.0.0.1 at 2012-07-25 14:52:01 -0400
Served asset /jquery.ui.datepicker.css - 200 OK (4ms)


Started GET "/assets/jquery.ui.dialog.css?body=1" for 127.0.0.1 at 2012-07-25 14:52:01 -0400
Served asset /jquery.ui.dialog.css - 200 OK (6ms)


Started GET "/assets/jquery.ui.button.css?body=1" for 127.0.0.1 at 2012-07-25 14:52:01 -0400
Served asset /jquery.ui.button.css - 200 OK (4ms)


Started GET "/assets/jquery.ui.resizable.css?body=1" for 127.0.0.1 at 2012-07-25 14:52:01 -0400
Served asset /jquery.ui.resizable.css - 200 OK (4ms)


Started GET "/assets/jquery.ui.progressbar.css?body=1" for 127.0.0.1 at 2012-07-25 14:52:01 -0400
Served asset /jquery.ui.progressbar.css - 200 OK (6ms)


Started GET "/assets/jquery.ui.selectable.css?body=1" for 127.0.0.1 at 2012-07-25 14:52:01 -0400
Served asset /jquery.ui.selectable.css - 200 OK (6ms)


Started GET "/assets/jquery.ui.slider.css?body=1" for 127.0.0.1 at 2012-07-25 14:52:01 -0400
Served asset /jquery.ui.slider.css - 200 OK (4ms)


Started GET "/assets/jquery.ui.tabs.css?body=1" for 127.0.0.1 at 2012-07-25 14:52:01 -0400
Served asset /jquery.ui.tabs.css - 200 OK (7ms)


Started GET "/assets/jquery.ui.base.css?body=1" for 127.0.0.1 at 2012-07-25 14:52:01 -0400
Served asset /jquery.ui.base.css - 200 OK (55ms)


Started GET "/assets/jquery.ui.all.css?body=1" for 127.0.0.1 at 2012-07-25 14:52:01 -0400
Served asset /jquery.ui.all.css - 200 OK (16ms)


Started GET "/assets/jquery.js?body=1" for 127.0.0.1 at 2012-07-25 14:52:01 -0400
Served asset /jquery.js - 200 OK (5ms)


Started GET "/assets/jquery_ujs.js?body=1" for 127.0.0.1 at 2012-07-25 14:52:01 -0400
Served asset /jquery_ujs.js - 200 OK (5ms)


Started GET "/assets/jquery.effects.core.js?body=1" for 127.0.0.1 at 2012-07-25 14:52:01 -0400
Served asset /jquery.effects.core.js - 200 OK (3ms)


Started GET "/assets/jquery.effects.blind.js?body=1" for 127.0.0.1 at 2012-07-25 14:52:01 -0400
Served asset /jquery.effects.blind.js - 200 OK (3ms)


Started GET "/assets/jquery.effects.bounce.js?body=1" for 127.0.0.1 at 2012-07-25 14:52:01 -0400
Served asset /jquery.effects.bounce.js - 200 OK (4ms)


Started GET "/assets/jquery.effects.clip.js?body=1" for 127.0.0.1 at 2012-07-25 14:52:01 -0400
Served asset /jquery.effects.clip.js - 200 OK (5ms)


Started GET "/assets/jquery.effects.drop.js?body=1" for 127.0.0.1 at 2012-07-25 14:52:01 -0400
Served asset /jquery.effects.drop.js - 200 OK (5ms)


Started GET "/assets/jquery.effects.explode.js?body=1" for 127.0.0.1 at 2012-07-25 14:52:01 -0400
Served asset /jquery.effects.explode.js - 200 OK (8ms)


Started GET "/assets/jquery.effects.fold.js?body=1" for 127.0.0.1 at 2012-07-25 14:52:01 -0400
Served asset /jquery.effects.fold.js - 200 OK (6ms)


Started GET "/assets/jquery.effects.fade.js?body=1" for 127.0.0.1 at 2012-07-25 14:52:01 -0400
Served asset /jquery.effects.fade.js - 200 OK (7ms)


Started GET "/assets/jquery.effects.highlight.js?body=1" for 127.0.0.1 at 2012-07-25 14:52:01 -0400
Served asset /jquery.effects.highlight.js - 200 OK (3ms)


Started GET "/assets/jquery.effects.pulsate.js?body=1" for 127.0.0.1 at 2012-07-25 14:52:01 -0400
Served asset /jquery.effects.pulsate.js - 200 OK (3ms)


Started GET "/assets/jquery.effects.shake.js?body=1" for 127.0.0.1 at 2012-07-25 14:52:01 -0400
Served asset /jquery.effects.shake.js - 200 OK (3ms)


Started GET "/assets/jquery.effects.scale.js?body=1" for 127.0.0.1 at 2012-07-25 14:52:01 -0400
Served asset /jquery.effects.scale.js - 200 OK (5ms)


Started GET "/assets/jquery.effects.slide.js?body=1" for 127.0.0.1 at 2012-07-25 14:52:01 -0400
Served asset /jquery.effects.slide.js - 200 OK (3ms)


Started GET "/assets/jquery.effects.transfer.js?body=1" for 127.0.0.1 at 2012-07-25 14:52:01 -0400
Served asset /jquery.effects.transfer.js - 200 OK (3ms)


Started GET "/assets/jquery.ui.core.js?body=1" for 127.0.0.1 at 2012-07-25 14:52:01 -0400
Served asset /jquery.ui.core.js - 200 OK (6ms)


Started GET "/assets/jquery.ui.widget.js?body=1" for 127.0.0.1 at 2012-07-25 14:52:01 -0400
Served asset /jquery.ui.widget.js - 200 OK (2ms)


Started GET "/assets/jquery.ui.accordion.js?body=1" for 127.0.0.1 at 2012-07-25 14:52:01 -0400
Served asset /jquery.ui.accordion.js - 200 OK (8ms)


Started GET "/assets/jquery.ui.position.js?body=1" for 127.0.0.1 at 2012-07-25 14:52:01 -0400
Served asset /jquery.ui.position.js - 200 OK (2ms)


Started GET "/assets/jquery.ui.autocomplete.js?body=1" for 127.0.0.1 at 2012-07-25 14:52:01 -0400
Served asset /jquery.ui.autocomplete.js - 200 OK (54ms)


Started GET "/assets/jquery.ui.button.js?body=1" for 127.0.0.1 at 2012-07-25 14:52:01 -0400
Served asset /jquery.ui.button.js - 200 OK (6ms)


Started GET "/assets/jquery.ui.datepicker.js?body=1" for 127.0.0.1 at 2012-07-25 14:52:01 -0400
Served asset /jquery.ui.datepicker.js - 200 OK (5ms)


Started GET "/assets/jquery.ui.dialog.js?body=1" for 127.0.0.1 at 2012-07-25 14:52:01 -0400
Served asset /jquery.ui.dialog.js - 200 OK (10ms)


Started GET "/assets/jquery.ui.draggable.js?body=1" for 127.0.0.1 at 2012-07-25 14:52:01 -0400
Served asset /jquery.ui.draggable.js - 200 OK (8ms)


Started GET "/assets/jquery.ui.mouse.js?body=1" for 127.0.0.1 at 2012-07-25 14:52:01 -0400
Served asset /jquery.ui.mouse.js - 200 OK (7ms)


Started GET "/assets/jquery.ui.droppable.js?body=1" for 127.0.0.1 at 2012-07-25 14:52:01 -0400
Served asset /jquery.ui.droppable.js - 200 OK (11ms)


Started GET "/assets/jquery.ui.progressbar.js?body=1" for 127.0.0.1 at 2012-07-25 14:52:01 -0400
Served asset /jquery.ui.progressbar.js - 200 OK (7ms)


Started GET "/assets/jquery.ui.resizable.js?body=1" for 127.0.0.1 at 2012-07-25 14:52:01 -0400
Served asset /jquery.ui.resizable.js - 200 OK (9ms)


Started GET "/assets/jquery.ui.selectable.js?body=1" for 127.0.0.1 at 2012-07-25 14:52:01 -0400
Served asset /jquery.ui.selectable.js - 200 OK (8ms)


Started GET "/assets/jquery.ui.slider.js?body=1" for 127.0.0.1 at 2012-07-25 14:52:01 -0400
Served asset /jquery.ui.slider.js - 200 OK (45ms)


Started GET "/assets/jquery.ui.sortable.js?body=1" for 127.0.0.1 at 2012-07-25 14:52:01 -0400
Served asset /jquery.ui.sortable.js - 200 OK (8ms)


Started GET "/assets/jquery.ui.tabs.js?body=1" for 127.0.0.1 at 2012-07-25 14:52:01 -0400
Served asset /jquery.ui.tabs.js - 200 OK (6ms)


Started GET "/assets/jquery.ui.all.js?body=1" for 127.0.0.1 at 2012-07-25 14:52:01 -0400
Served asset /jquery.ui.all.js - 200 OK (35ms)


Started GET "/assets/twitter/bootstrap/bootstrap-transition.js?body=1" for 127.0.0.1 at 2012-07-25 14:52:02 -0400
Served asset /twitter/bootstrap/bootstrap-transition.js - 200 OK (2ms)


Started GET "/assets/twitter/bootstrap/bootstrap-alert.js?body=1" for 127.0.0.1 at 2012-07-25 14:52:02 -0400
Served asset /twitter/bootstrap/bootstrap-alert.js - 200 OK (3ms)


Started GET "/assets/twitter/bootstrap/bootstrap-modal.js?body=1" for 127.0.0.1 at 2012-07-25 14:52:02 -0400
Served asset /twitter/bootstrap/bootstrap-modal.js - 200 OK (3ms)


Started GET "/assets/twitter/bootstrap/bootstrap-dropdown.js?body=1" for 127.0.0.1 at 2012-07-25 14:52:02 -0400
Served asset /twitter/bootstrap/bootstrap-dropdown.js - 200 OK (2ms)


Started GET "/assets/twitter/bootstrap/bootstrap-scrollspy.js?body=1" for 127.0.0.1 at 2012-07-25 14:52:02 -0400
Served asset /twitter/bootstrap/bootstrap-scrollspy.js - 200 OK (2ms)


Started GET "/assets/twitter/bootstrap/bootstrap-tab.js?body=1" for 127.0.0.1 at 2012-07-25 14:52:02 -0400
Served asset /twitter/bootstrap/bootstrap-tab.js - 200 OK (3ms)


Started GET "/assets/twitter/bootstrap/bootstrap-popover.js?body=1" for 127.0.0.1 at 2012-07-25 14:52:02 -0400
Served asset /twitter/bootstrap/bootstrap-popover.js - 200 OK (3ms)


Started GET "/assets/twitter/bootstrap/bootstrap-tooltip.js?body=1" for 127.0.0.1 at 2012-07-25 14:52:02 -0400
Served asset /twitter/bootstrap/bootstrap-tooltip.js - 200 OK (4ms)


Started GET "/assets/twitter/bootstrap/bootstrap-collapse.js?body=1" for 127.0.0.1 at 2012-07-25 14:52:02 -0400
Served asset /twitter/bootstrap/bootstrap-collapse.js - 200 OK (2ms)


Started GET "/assets/twitter/bootstrap/bootstrap-button.js?body=1" for 127.0.0.1 at 2012-07-25 14:52:02 -0400
Served asset /twitter/bootstrap/bootstrap-button.js - 200 OK (3ms)


Started GET "/assets/twitter/bootstrap/bootstrap-carousel.js?body=1" for 127.0.0.1 at 2012-07-25 14:52:02 -0400
Served asset /twitter/bootstrap/bootstrap-carousel.js - 200 OK (2ms)


Started GET "/assets/twitter/bootstrap/bootstrap-typeahead.js?body=1" for 127.0.0.1 at 2012-07-25 14:52:02 -0400
Served asset /twitter/bootstrap/bootstrap-typeahead.js - 200 OK (2ms)


Started GET "/assets/twitter/bootstrap.js?body=1" for 127.0.0.1 at 2012-07-25 14:52:02 -0400
Served asset /twitter/bootstrap.js - 200 OK (50ms)


Started GET "/assets/jquery.purr.js?body=1" for 127.0.0.1 at 2012-07-25 14:52:02 -0400
Served asset /jquery.purr.js - 200 OK (3ms)


Started GET "/assets/bootstrap.js?body=1" for 127.0.0.1 at 2012-07-25 14:52:02 -0400
Served asset /bootstrap.js - 200 OK (1ms)


Started GET "/assets/best_in_place.js?body=1" for 127.0.0.1 at 2012-07-25 14:52:02 -0400
Served asset /best_in_place.js - 200 OK (2ms)


Started GET "/assets/chosen/chosen.jquery.min.js?body=1" for 127.0.0.1 at 2012-07-25 14:52:02 -0400
Served asset /chosen/chosen.jquery.min.js - 200 OK (1ms)


Started GET "/assets/jquery.textareaCounter.plugin.js?body=1" for 127.0.0.1 at 2012-07-25 14:52:02 -0400
Served asset /jquery.textareaCounter.plugin.js - 200 OK (1ms)


Started GET "/assets/main.js?body=1" for 127.0.0.1 at 2012-07-25 14:52:02 -0400
Served asset /main.js - 200 OK (1ms)


Started GET "/assets/application.js?body=1" for 127.0.0.1 at 2012-07-25 14:52:02 -0400
Served asset /application.js - 200 OK (48ms)


Started GET "/assets/fontawesome-webfont.woff" for 127.0.0.1 at 2012-07-25 14:52:02 -0400
Served asset /fontawesome-webfont.woff - 200 OK (9ms)


Started GET "/images/favicon.ico" for 127.0.0.1 at 2012-07-25 14:52:02 -0400

ActionController::RoutingError (No route matches [GET] "/images/favicon.ico"):
  actionpack (3.2.3) lib/action_dispatch/middleware/debug_exceptions.rb:21:in `call'
  actionpack (3.2.3) lib/action_dispatch/middleware/show_exceptions.rb:56:in `call'
  railties (3.2.3) lib/rails/rack/logger.rb:26:in `call_app'
  railties (3.2.3) lib/rails/rack/logger.rb:16:in `call'
  actionpack (3.2.3) lib/action_dispatch/middleware/request_id.rb:22:in `call'
  rack (1.4.1) lib/rack/methodoverride.rb:21:in `call'
  rack (1.4.1) lib/rack/runtime.rb:17:in `call'
  activesupport (3.2.3) lib/active_support/cache/strategy/local_cache.rb:72:in `call'
  rack (1.4.1) lib/rack/lock.rb:15:in `call'
  actionpack (3.2.3) lib/action_dispatch/middleware/static.rb:62:in `call'
  railties (3.2.3) lib/rails/engine.rb:479:in `call'
  railties (3.2.3) lib/rails/application.rb:220:in `call'
  rack (1.4.1) lib/rack/content_length.rb:14:in `call'
  railties (3.2.3) lib/rails/rack/log_tailer.rb:14:in `call'
  rack (1.4.1) lib/rack/handler/webrick.rb:59:in `service'
  /Users/stevenswan/.rvm/rubies/ruby-1.9.3-p194/lib/ruby/1.9.1/webrick/httpserver.rb:138:in `service'
  /Users/stevenswan/.rvm/rubies/ruby-1.9.3-p194/lib/ruby/1.9.1/webrick/httpserver.rb:94:in `run'
  /Users/stevenswan/.rvm/rubies/ruby-1.9.3-p194/lib/ruby/1.9.1/webrick/server.rb:191:in `block in start_thread'


  Rendered /Users/stevenswan/.rvm/gems/ruby-1.9.3-p194/gems/actionpack-3.2.3/lib/action_dispatch/middleware/templates/rescues/routing_error.erb within rescues/layout (0.6ms)
